[debug] [2023-12-08T09:15:44.942Z] ----------------------------------------------------------------------
[debug] [2023-12-08T09:15:44.944Z] Command:       C:\Program Files\nodejs\node.exe C:\Users\maxam\AppData\Roaming\npm\node_modules\firebase-tools\lib\bin\firebase.js init
[debug] [2023-12-08T09:15:44.945Z] CLI Version:   13.0.0
[debug] [2023-12-08T09:15:44.945Z] Platform:      win32
[debug] [2023-12-08T09:15:44.946Z] Node Version:  v18.18.2
[debug] [2023-12-08T09:15:44.947Z] Time:          Fri Dec 08 2023 12:15:44 GMT+0300 (East Africa Time)
[debug] [2023-12-08T09:15:44.947Z] ----------------------------------------------------------------------
[debug] 
[debug] [2023-12-08T09:15:44.956Z] > command requires scopes: ["email","openid","https://www.googleapis.com/auth/cloudplatformprojects.readonly","https://www.googleapis.com/auth/firebase","https://www.googleapis.com/auth/cloud-platform"]
[debug] [2023-12-08T09:15:44.957Z] > authorizing via signed-in user (maxamedcaafi60@gmail.com)
[info] 
     ######## #### ########  ######## ########     ###     ######  ########
     ##        ##  ##     ## ##       ##     ##  ##   ##  ##       ##
     ######    ##  ########  ######   ########  #########  ######  ######
     ##        ##  ##    ##  ##       ##     ## ##     ##       ## ##
     ##       #### ##     ## ######## ########  ##     ##  ######  ########

You're about to initialize a Firebase project in this directory:

  C:\Users\maxam\Desktop\MY FILES\React-with-firebase

[info] 
=== Project Setup
[info] 
[info] First, let's associate this project directory with a Firebase project.
[info] You can create multiple project aliases by running firebase use --add, 
[info] but for now we'll just set up a default project.
[info] 
[debug] [2023-12-08T09:18:14.363Z] >>> [apiv2][query] GET https://firebase.googleapis.com/v1beta1/projects pageSize=100
[debug] [2023-12-08T09:18:19.696Z] <<< [apiv2][status] GET https://firebase.googleapis.com/v1beta1/projects 200
[debug] [2023-12-08T09:18:19.696Z] <<< [apiv2][body] GET https://firebase.googleapis.com/v1beta1/projects [omitted]
[info] i  Using project tijaabo-6a9ef (tijaabo) 
[info] 
=== Hosting Setup
[debug] [2023-12-08T09:19:00.409Z] >>> [apiv2][query] GET https://firebase.googleapis.com/v1beta1/projects/tijaabo-6a9ef [none]
[debug] [2023-12-08T09:19:01.221Z] <<< [apiv2][status] GET https://firebase.googleapis.com/v1beta1/projects/tijaabo-6a9ef 200
[debug] [2023-12-08T09:19:01.221Z] <<< [apiv2][body] GET https://firebase.googleapis.com/v1beta1/projects/tijaabo-6a9ef {"projectId":"tijaabo-6a9ef","projectNumber":"53385153717","displayName":"tijaabo","name":"projects/tijaabo-6a9ef","resources":{"hostingSite":"tijaabo-6a9ef","storageBucket":"tijaabo-6a9ef.appspot.com","locationId":"us-central"},"state":"ACTIVE","etag":"1_dcf7cc00-0bd4-45d6-ae53-89655a83dd9f"}
[info] 
[info] Your public directory is the folder (relative to your project directory) that
[info] will contain Hosting assets to be uploaded with firebase deploy. If you
[info] have a build process for your assets, use your build's output directory.
[info] 
[info] +  Wrote public/404.html 
[debug] [2023-12-08T09:20:24.423Z] >>> [apiv2][query] GET https://www.gstatic.com/firebasejs/releases.json [none]
[debug] [2023-12-08T09:20:24.908Z] <<< [apiv2][status] GET https://www.gstatic.com/firebasejs/releases.json 200
[debug] [2023-12-08T09:20:24.908Z] <<< [apiv2][body] GET https://www.gstatic.com/firebasejs/releases.json {"current":{"version":"10.7.1","browserURL":"https://www.gstatic.com/firebasejs/10.7.1/firebase.js","packageURL":"https://www.gstatic.com/firebasejs/10.7.1/firebase.tgz"},"live":{"version":"10.7","browserURL":"https://www.gstatic.com/firebasejs/live/10.7/firebase.js","packageURL":"https://www.gstatic.com/firebasejs/live/10.7/firebase.tgz"},"components":{"analytics":"https://www.gstatic.com/firebasejs/10.7.1/firebase-analytics.js","app":"https://www.gstatic.com/firebasejs/10.7.1/firebase-app.js","app-check":"https://www.gstatic.com/firebasejs/10.7.1/firebase-app-check.js","auth":"https://www.gstatic.com/firebasejs/10.7.1/firebase-auth.js","auth/cordova":"https://www.gstatic.com/firebasejs/10.7.1/firebase-auth/cordova.js","functions":"https://www.gstatic.com/firebasejs/10.7.1/firebase-functions.js","firestore":"https://www.gstatic.com/firebasejs/10.7.1/firebase-firestore.js","firestore/lite":"https://www.gstatic.com/firebasejs/10.7.1/firebase-firestore/lite.js","installations":"https://www.gstatic.com/firebasejs/10.7.1/firebase-installations.js","storage":"https://www.gstatic.com/firebasejs/10.7.1/firebase-storage.js","performance":"https://www.gstatic.com/firebasejs/10.7.1/firebase-performance.js","remote-config":"https://www.gstatic.com/firebasejs/10.7.1/firebase-remote-config.js","messaging":"https://www.gstatic.com/firebasejs/10.7.1/firebase-messaging.js","messaging/sw":"https://www.gstatic.com/firebasejs/10.7.1/firebase-messaging/sw.js","database":"https://www.gstatic.com/firebasejs/10.7.1/firebase-database.js","firestore.memory":"https://www.gstatic.com/firebasejs/10.7.1/firebase-firestore.memory.js"}}
[info] +  Wrote public/index.html 
[info] 
[info] i  Didn't detect a .git folder. Assuming C:\Users\maxam\Desktop\MY FILES\React-with-firebase is the project root. 
[info] i  Authorizing with GitHub to upload your service account to a GitHub repository's secrets store. 
[info] 
[info] Visit this URL on this device to log in:
[info] https://github.com/login/oauth/authorize?client_id=89cf50f02ac6aaed3484&state=362840580&redirect_uri=http%3A%2F%2Flocalhost%3A9005&scope=read%3Auser%20repo%20public_repo
[info] 
[info] Waiting for authentication...
[debug] [2023-12-08T09:20:47.449Z] >>> [apiv2][query] POST https://github.com/login/oauth/access_token [none]
[debug] [2023-12-08T09:20:47.450Z] >>> [apiv2][body] POST https://github.com/login/oauth/access_token [stream]
[debug] [2023-12-08T09:20:48.110Z] <<< [apiv2][status] POST https://github.com/login/oauth/access_token 200
[debug] [2023-12-08T09:20:48.111Z] <<< [apiv2][body] POST https://github.com/login/oauth/access_token {"access_token":"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","token_type":"bearer","scope":"read:user,repo"}
[debug] [2023-12-08T09:20:48.147Z] >>> [apiv2][query] GET https://api.github.com/user [none]
[debug] [2023-12-08T09:20:48.812Z] <<< [apiv2][status] GET https://api.github.com/user 200
[debug] [2023-12-08T09:20:48.812Z] <<< [apiv2][body] GET https://api.github.com/user {"login":"MoAfi12","id":109351602,"node_id":"U_kgDOBoSSsg","avatar_url":"https://avatars.githubusercontent.com/u/109351602?v=4","gravatar_id":"","url":"https://api.github.com/users/MoAfi12","html_url":"https://github.com/MoAfi12","followers_url":"https://api.github.com/users/MoAfi12/followers","following_url":"https://api.github.com/users/MoAfi12/following{/other_user}","gists_url":"https://api.github.com/users/MoAfi12/gists{/gist_id}","starred_url":"https://api.github.com/users/MoAfi12/starred{/owner}{/repo}","subscriptions_url":"https://api.github.com/users/MoAfi12/subscriptions","organizations_url":"https://api.github.com/users/MoAfi12/orgs","repos_url":"https://api.github.com/users/MoAfi12/repos","events_url":"https://api.github.com/users/MoAfi12/events{/privacy}","received_events_url":"https://api.github.com/users/MoAfi12/received_events","type":"User","site_admin":false,"name":"Mohamed Afi","company":null,"blog":"","location":"Somalia","email":null,"hireable":null,"bio":"I'm Software Engineering","twitter_username":"mohamed_afi12","public_repos":39,"public_gists":0,"followers":14,"following":21,"created_at":"2022-07-15T11:17:20Z","updated_at":"2023-11-24T13:20:40Z","private_gists":0,"total_private_repos":0,"owned_private_repos":0,"disk_usage":37600,"collaborators":0,"two_factor_authentication":false,"plan":{"name":"free","space":976562499,"collaborators":0,"private_repos":10000}}
[info] 
[info] +  Success! Logged into GitHub as MoAfi12 
[info] 
